
ROM used:   691/8192 (8%)
            691/8192 (8%) including unused fragments

            0.4 Average locations per line
            2.6 Average locations per statement

RAM used:   20/368 (5%) at main() level
            32/368 (9%) worst case

Stack used: 5 worst case (5 in main + 0 for interrupts)
Stack size: 8

Lines Stmts  %   Files
----- ----- ---  -----
  113    53  20  main.c
   10     0   0  main.h
  768     0   0  ..\..\..\..\Program Files (x86)\PICC\Devices\16F887.h
  423   125  48  ..\..\..\..\Program Files (x86)\PICC\Drivers\string.h
   32     0   0  ..\..\..\..\Program Files (x86)\PICC\Drivers\stddef.h
   28     0   0  ..\..\..\..\Program Files (x86)\PICC\Drivers\ctype.h
  456    84  32  ..\..\..\..\Program Files (x86)\PICC\Drivers\lcd.c
----- -----
 1830   262 Total

Page ROM  %  RAM   Vol Diff  Functions:
---- --- --- ---   --- ----  ----------
0     20   3    1             @delay_ms2
 Inline         3   596  5.9  lcd_read_byte
0      6   1    0    59  4.2  lcd_read_nibble
0     17   2    1   179  3.3  lcd_send_nibble
0     66  10    3   460  4.7  lcd_send_byte
0     62   9    6   814  7.2  lcd_init
0     18   3    4   208  6.3  lcd_gotoxy
0     44   6    1   354  4.7  lcd_putc
0     12   2    0    50  1.5  lcd_refresh
0     32   5    2   234  4.3  XUAT1BYTE
0     45   7    1   134  2.6  GIAIMA7DOAN
0     37   5    4             @DIVS88
0    204  30    1  1189  4.8  MAIN
0      7   1    0             @const773
0     86  12    4             @PSTRINGC7_745
0      6   1    0             @const775
0      7   1    0             @const776
0      6   1    0             @const777
0      7   1    0             @const778
0      5   1    0             @const779
 Inline         0             @cinit1

Program metrics:
    Functions               11
    Statements              262
    Comments                372
    Volume (V)              6658
    Difficulty (D)          47.3
    Effort to implement (E) 314847
    Time to implement (T)   4 hours, 52 minutes
    Est Delivered Bugs (B)  2
    Cyclomatic Complexity   12
    Maintainability (MI)    106

 Segment     Used  Free
-----------  ----  ----
00000-00003     4  0  
00004-007FF   687  1357  
00800-00FFF     0  2048  
01000-017FF     0  2048  
01800-01FFF     0  2048  



